Removed Pin From Net: NetName=VCC Pin=10k-2
Removed Pin From Net: NetName=VCC Pin=10k-2
Removed Pin From Net: NetName=VCC Pin=10k-2
Removed Pin From Net: NetName=GND Pin=J-17
Removed Pin From Net: NetName=GND Pin=J-18
Removed Pin From Net: NetName=GND Pin=J-19
Removed Pin From Net: NetName=GND Pin=J-20
Removed Pin From Net: NetName=GND Pin=J-21
Removed Pin From Net: NetName=GND Pin=J-22
Removed Pin From Net: NetName=GND Pin=J-23
Removed Pin From Net: NetName=GND Pin=J-24
Removed Pin From Net: NetName=GND Pin=J-25
Removed Pin From Net: NetName=GND Pin=J-26
Removed Pin From Net: NetName=GND Pin=J-27
Removed Pin From Net: NetName=GND Pin=J-28
Removed Pin From Net: NetName=GND Pin=J-29
Removed Pin From Net: NetName=GND Pin=J-30
Removed Pin From Net: NetName=GND Pin=J-31
Removed Pin From Net: NetName=GND Pin=J-32
Change Component Designator: OldDesignator=10k NewDesignator=R1
Change Component Designator: OldDesignator=10k NewDesignator=R2
Change Component Designator: OldDesignator=10k NewDesignator=R3
Change Component Designator: OldDesignator=10k NewDesignator=R4
Change Component Designator: OldDesignator=10k NewDesignator=R5
Change Component Designator: OldDesignator=10k NewDesignator=R6
Change Component Designator: OldDesignator=10k NewDesignator=R7
Change Component Designator: OldDesignator=10k NewDesignator=R11
Change Component Designator: OldDesignator=10k NewDesignator=R12
Change Component Designator: OldDesignator=10k NewDesignator=R13
Change Component Designator: OldDesignator=47R NewDesignator=R8
Change Component Designator: OldDesignator=47R NewDesignator=R9
Change Component Designator: OldDesignator=47R NewDesignator=R10
Change Component Designator: OldDesignator=100n NewDesignator=C1
Change Component Designator: OldDesignator=100n NewDesignator=C2
Change Component Designator: OldDesignator=XPT2046 NewDesignator=IC1
Added Component: Designator=M?(Board Screw)
Add component. Clean all parameters for all variants
Added Component: Designator=M?(Board Screw)
Add component. Clean all parameters for all variants
Added Component: Designator=M?(Board Screw)
Add component. Clean all parameters for all variants
Added Component: Designator=M?(Board Screw)
Add component. Clean all parameters for all variants
Added Component: Designator=P?(HDR2X8)
Add component. Clean all parameters for all variants
Add component (AddParameter): Name = "LatestRevisionDate"; Value = "17-Jul-2002"; VariantName = "[No Variations]"
Add component (AddParameter): Name = "LatestRevisionNote"; Value = "Re-released for DXP Platform."; VariantName = "[No Variations]"
Add component (AddParameter): Name = "Publisher"; Value = "Altium Limited"; VariantName = "[No Variations]"
Added Pin To Net: NetName=d0 Pin=J-17
Added Pin To Net: NetName=d0 Pin=P?-1
Added Net: Name=d0
Added Pin To Net: NetName=d1 Pin=J-18
Added Pin To Net: NetName=d1 Pin=P?-2
Added Net: Name=d1
Added Pin To Net: NetName=d2 Pin=J-19
Added Pin To Net: NetName=d2 Pin=P?-3
Added Net: Name=d2
Added Pin To Net: NetName=d3 Pin=J-20
Added Pin To Net: NetName=d3 Pin=P?-4
Added Net: Name=d3
Added Pin To Net: NetName=d4 Pin=J-21
Added Pin To Net: NetName=d4 Pin=P?-5
Added Net: Name=d4
Added Pin To Net: NetName=d5 Pin=J-22
Added Pin To Net: NetName=d5 Pin=P?-6
Added Net: Name=d5
Added Pin To Net: NetName=d6 Pin=J-23
Added Pin To Net: NetName=d6 Pin=P?-7
Added Net: Name=d6
Added Pin To Net: NetName=d7 Pin=J-24
Added Pin To Net: NetName=d7 Pin=P?-8
Added Net: Name=d7
Added Pin To Net: NetName=d8 Pin=J-25
Added Pin To Net: NetName=d8 Pin=P?-9
Added Net: Name=d8
Added Pin To Net: NetName=d9 Pin=J-26
Added Pin To Net: NetName=d9 Pin=P?-10
Added Net: Name=d9
Added Pin To Net: NetName=d10 Pin=J-27
Added Pin To Net: NetName=d10 Pin=P?-11
Added Net: Name=d10
Added Pin To Net: NetName=d11 Pin=J-28
Added Pin To Net: NetName=d11 Pin=P?-12
Added Net: Name=d11
Added Pin To Net: NetName=d12 Pin=J-29
Added Pin To Net: NetName=d12 Pin=P?-13
Added Net: Name=d12
Added Pin To Net: NetName=d13 Pin=J-30
Added Pin To Net: NetName=d13 Pin=P?-14
Added Net: Name=d13
Added Pin To Net: NetName=d14 Pin=J-31
Added Pin To Net: NetName=d14 Pin=P?-15
Added Net: Name=d14
Added Pin To Net: NetName=d15 Pin=J-32
Added Pin To Net: NetName=d15 Pin=P?-16
Added Net: Name=d15
Added Member To Class: ClassName=lcd_pin Member=Component C1 0.1uF
Added Member To Class: ClassName=lcd_pin Member=Component M? Screw
Added Member To Class: ClassName=lcd_pin Member=Component M? Screw
Added Member To Class: ClassName=lcd_pin Member=Component M? Screw
Added Member To Class: ClassName=lcd_pin Member=Component M? Screw
Added Member To Class: ClassName=lcd_pin Member=Component P? Header 8X2
Added Member To Class: ClassName=lcd_pin Member=Component R1 1K
Added Member To Class: ClassName=lcd_pin Member=Component R2 1K
Added Member To Class: ClassName=lcd_pin Member=Component R3 1K
Added Member To Class: ClassName=lcd_pin Member=Component R4 1K
Added Member To Class: ClassName=lcd_pin Member=Component R5 1K
Added Member To Class: ClassName=lcd_pin Member=Component R6 1K
Added Member To Class: ClassName=lcd_pin Member=Component R7 1K
Added Member To Class: ClassName=lcd_pin Member=Component R8 1K
Added Member To Class: ClassName=lcd_pin Member=Component R9 1K
Added Member To Class: ClassName=lcd_pin Member=Component R11 1K
Added Member To Class: ClassName=lcd_pin Member=Component R12 1K
Added Room: Name=lcd_pin
